<test-run id="2" testcasecount="0" result="Passed" start-time="2023-04-06 13:05:59.901815" end-time="2023-04-06 13:06:15.183398" duration="15" total="0" passed="0" failed="0" inconclusive="0" skipped="0" asserts="0" clr-version="3.11.0 (main, Oct 24 2022, 18:26:48) [MSC v.1933 64 bit (AMD64)]" engine-version="3.6.2"><command-line>c:\Users\dariu\.vscode-insiders\extensions\ms-python.python-2023.6.0\pythonFiles\testing_tools\run_adapter.py discover pytest -- --rootdir x:\DEVELOPMENT\PROJECTS\NET\Nicman\projs -s --cache-clear</command-line><filter /></test-run>